<?xml version="1.0" encoding="utf-8"?><testsuites name="pytest tests"><testsuite name="pytest" errors="0" failures="0" skipped="0" tests="9" time="3.412" timestamp="2026-02-21T05:18:12.901778+00:00" hostname="agent-env-6fed90bf-7774-4b04-a368-69be958500a8"><testcase classname="backend.tests.test_it_servicedesk.TestHealth" name="test_health" time="0.244" /><testcase classname="backend.tests.test_it_servicedesk.TestTickets" name="test_list_tickets" time="0.131" /><testcase classname="backend.tests.test_it_servicedesk.TestTickets" name="test_get_single_ticket" time="0.101" /><testcase classname="backend.tests.test_it_servicedesk.TestTickets" name="test_update_ticket_status" time="0.153" /><testcase classname="backend.tests.test_it_servicedesk.TestTickets" name="test_create_and_delete_ticket" time="0.361" /><testcase classname="backend.tests.test_it_servicedesk.TestTickets" name="test_filter_tickets_by_status" time="0.094" /><testcase classname="backend.tests.test_it_servicedesk.TestKnowledgeBase" name="test_list_kb_articles" time="0.105" /><testcase classname="backend.tests.test_it_servicedesk.TestKnowledgeBase" name="test_kb_search" time="1.947" /><testcase classname="backend.tests.test_it_servicedesk.TestKnowledgeBase" name="test_create_kb_article" time="0.213" /></testsuite></testsuites>